Arguments: 
  C:\Program Files\nodejs\node.exe C:\Users\allan\AppData\Roaming\npm\node_modules\yarn\bin\yarn.js add typescript ts-nod-dev @types/express -D

PATH: 
  C:\Program Files\Common Files\Oracle\Java\javapath;C:\Program Files\Microsoft\jdk-11.0.12.7-hotspot\bin;C:\Users\allan\AppData\Local\Programs\Python\Python310\Scripts\;C:\Users\allan\AppData\Local\Programs\Python\Python310\;C:\WINDOWS\system32;C:\WINDOWS;C:\WINDOWS\System32\Wbem;C:\WINDOWS\System32\WindowsPowerShell\v1.0\;C:\WINDOWS\System32\OpenSSH\;C:\Program Files\Git\cmd;C:\Program Files (x86)\Calibre2\;C:\Program Files\dotnet\;C:\Program Files\nodejs\;C:\ProgramData\chocolatey\bin;C:\Program Files\Microsoft SQL Server\150\Tools\Binn\;C:\Program Files\Microsoft SQL Server\Client SDK\ODBC\170\Tools\Binn\;C:\WINDOWS\system32;C:\WINDOWS;C:\WINDOWS\System32\Wbem;C:\WINDOWS\System32\WindowsPowerShell\v1.0\;C:\WINDOWS\System32\OpenSSH\;C:\msys64\mingw64\bin;C:\Users\allan\AppData\Local\Programs\Python\Python311;;C:\Program Files\Docker\Docker\resources\bin;C:\Users\allan\AppData\Local\Programs\Python\Python311\Scripts;C:\Users\allan\AppData\Local\Programs\Eclipse Adoptium\jdk-17.0.3.7-hotspot\bin;C:\Users\allan\AppData\Local\Microsoft\WindowsApps;C:\Users\allan\AppData\Local\Programs\Microsoft VS Code\bin;C:\Users\allan\AppData\Local\GitHubDesktop\bin;C:\Users\allan\.dotnet\tools;C:\Users\allan\AppData\Roaming\npm;C:\Users\allan\AppData\Local\Google\Cloud SDK\google-cloud-sdk\bin;;c:\Users\allan\AppData\Roaming\Code\User\globalStorage\ms-vscode-remote.remote-containers\cli-bin

Yarn version: 
  1.22.19

Node version: 
  16.15.1

Platform: 
  win32 x64

Trace: 
  Error: https://registry.yarnpkg.com/ts-nod-dev: Not found
      at Request.params.callback [as _callback] (C:\Users\allan\AppData\Roaming\npm\node_modules\yarn\lib\cli.js:66145:18)
      at Request.self.callback (C:\Users\allan\AppData\Roaming\npm\node_modules\yarn\lib\cli.js:140890:22)
      at Request.emit (node:events:527:28)
      at Request.<anonymous> (C:\Users\allan\AppData\Roaming\npm\node_modules\yarn\lib\cli.js:141862:10)
      at Request.emit (node:events:527:28)
      at IncomingMessage.<anonymous> (C:\Users\allan\AppData\Roaming\npm\node_modules\yarn\lib\cli.js:141784:12)
      at Object.onceWrapper (node:events:641:28)
      at IncomingMessage.emit (node:events:539:35)
      at endReadableNT (node:internal/streams/readable:1345:12)
      at processTicksAndRejections (node:internal/process/task_queues:83:21)

npm manifest: 
  {
    "name": "escola-criarte",
    "version": "1.0.0",
    "description": "Projeto de implantação de sistema para a escola de musica Criarte",
    "main": "index.js",
    "repository": "https://github.com/Allandpn/PUC-Eixo04.git",
    "author": "rapa2302 <rafael.alves.587605@sga.pucminas.br>",
    "license": "MIT",
    "private": true,
    "scripts": {
      "dev": "ts-node-dev --exit-child --transpile-only --ignore-watch node_modules src/server.ts"
    },
    "dependencies": {
      "express": "^4.18.2",
      "express-async-errors": "^3.1.1",
      "prisma": "^5.3.1"
    },
    "devDependencies": {
      "@prisma/client": "^5.3.1",
      "@types/express": "^4.17.18",
      "ts-node-dev": "^2.0.0",
      "typescript": "^5.2.2"
    }
  }

yarn manifest: 
  No manifest

Lockfile: 
  No lockfile
